0 info it worked if it ends with ok
1 verbose cli [ 'C:\\Program Files (x86)\\Microsoft Visual Studio\\2017\\Community\\Web\\External\\Node.exe',
1 verbose cli   'C:\\Program Files (x86)\\Microsoft Visual Studio\\2017\\Community\\Web\\External\\node_modules\\npm\\bin\\npm-cli.js',
1 verbose cli   'install' ]
2 info using npm@3.3.4
3 info using node@v5.4.1
4 silly loadCurrentTree Starting
5 silly install loadCurrentTree
6 silly install readLocalPackageData
7 silly install normalizeTree
8 silly loadCurrentTree Finishing
9 silly loadIdealTree Starting
10 silly install loadIdealTree
11 silly cloneCurrentTree Starting
12 silly install cloneCurrentTreeToIdealTree
13 silly cloneCurrentTree Finishing
14 silly loadShrinkwrap Starting
15 silly install loadShrinkwrap
16 silly loadShrinkwrap Finishing
17 silly loadAllDepsIntoIdealTree Starting
18 silly install loadAllDepsIntoIdealTree
19 silly fetchNamedPackageData com.greenbuttongames.unicore
20 silly mapToRegistry name com.greenbuttongames.unicore
21 silly mapToRegistry using default registry
22 silly mapToRegistry registry http://packages.greenbuttongames.com:12867/
23 silly mapToRegistry uri http://packages.greenbuttongames.com:12867/com.greenbuttongames.unicore
24 silly fetchNamedPackageData com.unity.addressables
25 silly mapToRegistry name com.unity.addressables
26 silly mapToRegistry using default registry
27 silly mapToRegistry registry http://packages.greenbuttongames.com:12867/
28 silly mapToRegistry uri http://packages.greenbuttongames.com:12867/com.unity.addressables
29 silly fetchNamedPackageData com.greenbuttongames.uniroutine
30 silly mapToRegistry name com.greenbuttongames.uniroutine
31 silly mapToRegistry using default registry
32 silly mapToRegistry registry http://packages.greenbuttongames.com:12867/
33 silly mapToRegistry uri http://packages.greenbuttongames.com:12867/com.greenbuttongames.uniroutine
34 verbose request uri http://packages.greenbuttongames.com:12867/com.unity.addressables
35 verbose request no auth needed
36 info attempt registry request try #1 at 2:51:07 AM
37 verbose request using bearer token for auth
38 verbose request id f56bc451becdd4b8
39 http request GET http://packages.greenbuttongames.com:12867/com.unity.addressables
40 verbose get http://packages.greenbuttongames.com:12867/com.greenbuttongames.unicore not expired, no request
41 silly resolveWithNewModule com.greenbuttongames.unicore@1.0.1 checking installable status
42 silly cache add args [ 'com.greenbuttongames.unicore@1.0.1', null ]
43 verbose cache add spec com.greenbuttongames.unicore@1.0.1
44 silly cache add parsed spec Result {
44 silly cache add   raw: 'com.greenbuttongames.unicore@1.0.1',
44 silly cache add   scope: null,
44 silly cache add   name: 'com.greenbuttongames.unicore',
44 silly cache add   rawSpec: '1.0.1',
44 silly cache add   spec: '1.0.1',
44 silly cache add   type: 'version' }
45 silly addNamed com.greenbuttongames.unicore@1.0.1
46 verbose addNamed "1.0.1" is a plain semver version for com.greenbuttongames.unicore
47 silly mapToRegistry name com.greenbuttongames.unicore
48 silly mapToRegistry using default registry
49 silly mapToRegistry registry http://packages.greenbuttongames.com:12867/
50 silly mapToRegistry uri http://packages.greenbuttongames.com:12867/com.greenbuttongames.unicore
51 verbose addNameVersion registry:http://packages.greenbuttongames.com:12867/com.greenbuttongames.unicore not in flight; fetching
52 verbose get http://packages.greenbuttongames.com:12867/com.greenbuttongames.uniroutine not expired, no request
53 silly resolveWithNewModule com.greenbuttongames.uniroutine@1.0.1 checking installable status
54 silly cache add args [ 'com.greenbuttongames.uniroutine@1.0.1', null ]
55 verbose cache add spec com.greenbuttongames.uniroutine@1.0.1
56 silly cache add parsed spec Result {
56 silly cache add   raw: 'com.greenbuttongames.uniroutine@1.0.1',
56 silly cache add   scope: null,
56 silly cache add   name: 'com.greenbuttongames.uniroutine',
56 silly cache add   rawSpec: '1.0.1',
56 silly cache add   spec: '1.0.1',
56 silly cache add   type: 'version' }
57 silly addNamed com.greenbuttongames.uniroutine@1.0.1
58 verbose addNamed "1.0.1" is a plain semver version for com.greenbuttongames.uniroutine
59 silly mapToRegistry name com.greenbuttongames.uniroutine
60 silly mapToRegistry using default registry
61 silly mapToRegistry registry http://packages.greenbuttongames.com:12867/
62 silly mapToRegistry uri http://packages.greenbuttongames.com:12867/com.greenbuttongames.uniroutine
63 verbose addNameVersion registry:http://packages.greenbuttongames.com:12867/com.greenbuttongames.uniroutine not in flight; fetching
64 verbose get http://packages.greenbuttongames.com:12867/com.greenbuttongames.unicore not expired, no request
65 verbose get http://packages.greenbuttongames.com:12867/com.greenbuttongames.uniroutine not expired, no request
66 silly cache afterAdd com.greenbuttongames.unicore@1.0.1
67 verbose afterAdd C:\Users\mefod\AppData\Roaming\npm-cache\com.greenbuttongames.unicore\1.0.1\package\package.json not in flight; writing
68 silly cache afterAdd com.greenbuttongames.uniroutine@1.0.1
69 verbose afterAdd C:\Users\mefod\AppData\Roaming\npm-cache\com.greenbuttongames.uniroutine\1.0.1\package\package.json not in flight; writing
70 verbose afterAdd C:\Users\mefod\AppData\Roaming\npm-cache\com.greenbuttongames.unicore\1.0.1\package\package.json written
71 verbose afterAdd C:\Users\mefod\AppData\Roaming\npm-cache\com.greenbuttongames.uniroutine\1.0.1\package\package.json written
72 http 404 http://packages.greenbuttongames.com:12867/com.unity.addressables
73 verbose headers { 'x-powered-by': 'verdaccio/3.11.6',
73 verbose headers   'access-control-allow-origin': '*',
73 verbose headers   'content-type': 'application/json; charset=utf-8',
73 verbose headers   'content-length': '43',
73 verbose headers   etag: 'W/"2b-qLjXXPpa5cmKw8bM3gatrZVKHm8"',
73 verbose headers   vary: 'Accept-Encoding',
73 verbose headers   'x-status-cat': 'http://flic.kr/p/aV6juR',
73 verbose headers   date: 'Sat, 06 Apr 2019 23:51:09 GMT',
73 verbose headers   connection: 'keep-alive' }
74 silly get cb [ 404,
74 silly get   { 'x-powered-by': 'verdaccio/3.11.6',
74 silly get     'access-control-allow-origin': '*',
74 silly get     'content-type': 'application/json; charset=utf-8',
74 silly get     'content-length': '43',
74 silly get     etag: 'W/"2b-qLjXXPpa5cmKw8bM3gatrZVKHm8"',
74 silly get     vary: 'Accept-Encoding',
74 silly get     'x-status-cat': 'http://flic.kr/p/aV6juR',
74 silly get     date: 'Sat, 06 Apr 2019 23:51:09 GMT',
74 silly get     connection: 'keep-alive' } ]
75 silly fetchPackageMetaData Error: no such package available : com.unity.addressables
75 silly fetchPackageMetaData     at makeError (C:\Program Files (x86)\Microsoft Visual Studio\2017\Community\Web\External\node_modules\npm-registry-client\lib\request.js:264:12)
75 silly fetchPackageMetaData     at CachingRegistryClient.<anonymous> (C:\Program Files (x86)\Microsoft Visual Studio\2017\Community\Web\External\node_modules\npm-registry-client\lib\request.js:252:14)
75 silly fetchPackageMetaData     at Request._callback (C:\Program Files (x86)\Microsoft Visual Studio\2017\Community\Web\External\node_modules\npm-registry-client\lib\request.js:172:14)
75 silly fetchPackageMetaData     at Request.self.callback (C:\Program Files (x86)\Microsoft Visual Studio\2017\Community\Web\External\node_modules\request\request.js:344:22)
75 silly fetchPackageMetaData     at emitTwo (events.js:87:13)
75 silly fetchPackageMetaData     at Request.emit (events.js:172:7)
75 silly fetchPackageMetaData     at Request.<anonymous> (C:\Program Files (x86)\Microsoft Visual Studio\2017\Community\Web\External\node_modules\request\request.js:1239:14)
75 silly fetchPackageMetaData     at emitOne (events.js:82:20)
75 silly fetchPackageMetaData     at Request.emit (events.js:169:7)
75 silly fetchPackageMetaData     at IncomingMessage.<anonymous> (C:\Program Files (x86)\Microsoft Visual Studio\2017\Community\Web\External\node_modules\request\request.js:1187:12)
75 silly fetchPackageMetaData  error for com.unity.addressables@0.6.8-preview { [Error: no such package available : com.unity.addressables]
75 silly fetchPackageMetaData   pkgid: 'com.unity.addressables',
75 silly fetchPackageMetaData   statusCode: 404,
75 silly fetchPackageMetaData   code: 'E404' }
76 silly rollbackFailedOptional Starting
77 silly rollbackFailedOptional Finishing
78 silly runTopLevelLifecycles Starting
79 silly runTopLevelLifecycles Finishing
80 silly install printInstalled
81 verbose stack Error: no such package available : com.unity.addressables
81 verbose stack     at makeError (C:\Program Files (x86)\Microsoft Visual Studio\2017\Community\Web\External\node_modules\npm-registry-client\lib\request.js:264:12)
81 verbose stack     at CachingRegistryClient.<anonymous> (C:\Program Files (x86)\Microsoft Visual Studio\2017\Community\Web\External\node_modules\npm-registry-client\lib\request.js:252:14)
81 verbose stack     at Request._callback (C:\Program Files (x86)\Microsoft Visual Studio\2017\Community\Web\External\node_modules\npm-registry-client\lib\request.js:172:14)
81 verbose stack     at Request.self.callback (C:\Program Files (x86)\Microsoft Visual Studio\2017\Community\Web\External\node_modules\request\request.js:344:22)
81 verbose stack     at emitTwo (events.js:87:13)
81 verbose stack     at Request.emit (events.js:172:7)
81 verbose stack     at Request.<anonymous> (C:\Program Files (x86)\Microsoft Visual Studio\2017\Community\Web\External\node_modules\request\request.js:1239:14)
81 verbose stack     at emitOne (events.js:82:20)
81 verbose stack     at Request.emit (events.js:169:7)
81 verbose stack     at IncomingMessage.<anonymous> (C:\Program Files (x86)\Microsoft Visual Studio\2017\Community\Web\External\node_modules\request\request.js:1187:12)
82 verbose statusCode 404
83 verbose pkgid com.unity.addressables
84 verbose cwd F:\DevModules\greenbutton.packages\greenbuttongames.unity.packages\Assets\UniTools\UniResourceSystem
85 error Windows_NT 10.0.17134
86 error argv "C:\\Program Files (x86)\\Microsoft Visual Studio\\2017\\Community\\Web\\External\\Node.exe" "C:\\Program Files (x86)\\Microsoft Visual Studio\\2017\\Community\\Web\\External\\node_modules\\npm\\bin\\npm-cli.js" "install"
87 error node v5.4.1
88 error npm  v3.3.4
89 error code E404
90 error 404 no such package available : com.unity.addressables
90 error 404
90 error 404 'com.unity.addressables' is not in the npm registry.
90 error 404 You should bug the author to publish it (or use the name yourself!)
90 error 404 It was specified as a dependency of 'com.greenbuttongames.resourcesystem'
90 error 404
90 error 404 Note that you can also install from a
90 error 404 tarball, folder, http url, or git url.
91 verbose exit [ 1, true ]
